{
  "stats": {
    "suites": 1,
    "tests": 4,
    "passes": 4,
    "pending": 0,
    "failures": 0,
    "start": "2025-11-24T07:43:47.649Z",
    "end": "2025-11-24T07:44:07.553Z",
    "duration": 19904,
    "testsRegistered": 4,
    "passPercent": 100,
    "pendingPercent": 0,
    "other": 0,
    "hasOther": false,
    "skipped": 0,
    "hasSkipped": false
  },
  "results": [
    {
      "uuid": "2693cdb8-7871-440f-b28a-4e8444467a83",
      "title": "",
      "fullFile": "cypress/e2e/smoke/smoke.cy.js",
      "file": "cypress/e2e/smoke/smoke.cy.js",
      "beforeHooks": [],
      "afterHooks": [],
      "tests": [],
      "suites": [
        {
          "uuid": "d57ab3ac-3ae1-43cf-af96-b033b891460f",
          "title": "Smoke Test - create/delete service with route",
          "fullFile": "",
          "file": "",
          "beforeHooks": [],
          "afterHooks": [],
          "tests": [
            {
              "title": "should succeed : create a http gateway service",
              "fullTitle": "Smoke Test - create/delete service with route should succeed : create a http gateway service",
              "timedOut": null,
              "duration": 4533,
              "state": "passed",
              "speed": "fast",
              "pass": true,
              "fail": false,
              "pending": false,
              "context": null,
              "code": "const page = new _ServicePage.ServicePage();\nif (service.expectedResult === \"success\") {\n  page.createService(service).verifySuccessMessage(\"Gateway Service\").verifyLocation();\n} else {\n  page.createService(service).verifyErrorMessage(service.errMessage);\n}",
              "err": {},
              "uuid": "7432a463-a295-4dc3-b6eb-d91365b8aff7",
              "parentUUID": "d57ab3ac-3ae1-43cf-af96-b033b891460f",
              "isHook": false,
              "skipped": false
            },
            {
              "title": "should succeed : Create route binded to 'smoke-test'",
              "fullTitle": "Smoke Test - create/delete service with route should succeed : Create route binded to 'smoke-test'",
              "timedOut": null,
              "duration": 6064,
              "state": "passed",
              "speed": "medium",
              "pass": true,
              "fail": false,
              "pending": false,
              "context": null,
              "code": "const page = new _RoutePage.RoutePage();\nif (route.expectedResult === \"success\") {\n  page.createRoute(route).verifySuccessMessage(\"\");\n} else {\n  page.createRoute(route).verifyErrorMessage(route.errMessage);\n}",
              "err": {},
              "uuid": "0a116845-1ca1-4993-baa9-38b59e7d3b26",
              "parentUUID": "d57ab3ac-3ae1-43cf-af96-b033b891460f",
              "isHook": false,
              "skipped": false
            },
            {
              "title": "should succeed : Delete all routes",
              "fullTitle": "Smoke Test - create/delete service with route should succeed : Delete all routes",
              "timedOut": null,
              "duration": 4567,
              "state": "passed",
              "speed": "fast",
              "pass": true,
              "fail": false,
              "pending": false,
              "context": null,
              "code": "const mainpage = new _MainPage.MainPage();\nmainpage.deleteAllRoutes();",
              "err": {},
              "uuid": "0e5bd915-a10c-4f5d-9ade-93bb7ec1c310",
              "parentUUID": "d57ab3ac-3ae1-43cf-af96-b033b891460f",
              "isHook": false,
              "skipped": false
            },
            {
              "title": "should succeed : Delete all services",
              "fullTitle": "Smoke Test - create/delete service with route should succeed : Delete all services",
              "timedOut": null,
              "duration": 4569,
              "state": "passed",
              "speed": "fast",
              "pass": true,
              "fail": false,
              "pending": false,
              "context": null,
              "code": "const mainpage = new _MainPage.MainPage();\nmainpage.deleteAllServices();",
              "err": {},
              "uuid": "37a822f6-97b5-49e2-86da-7719de60d200",
              "parentUUID": "d57ab3ac-3ae1-43cf-af96-b033b891460f",
              "isHook": false,
              "skipped": false
            }
          ],
          "suites": [],
          "passes": [
            "7432a463-a295-4dc3-b6eb-d91365b8aff7",
            "0a116845-1ca1-4993-baa9-38b59e7d3b26",
            "0e5bd915-a10c-4f5d-9ade-93bb7ec1c310",
            "37a822f6-97b5-49e2-86da-7719de60d200"
          ],
          "failures": [],
          "pending": [],
          "skipped": [],
          "duration": 19733,
          "root": false,
          "rootEmpty": false,
          "_timeout": 2000
        }
      ],
      "passes": [],
      "failures": [],
      "pending": [],
      "skipped": [],
      "duration": 0,
      "root": true,
      "rootEmpty": true,
      "_timeout": 2000
    }
  ],
  "meta": {
    "mocha": {
      "version": "7.0.1"
    },
    "mochawesome": {
      "options": {
        "quiet": false,
        "reportFilename": "mochawesome",
        "saveHtml": false,
        "saveJson": true,
        "consoleReporter": "spec",
        "useInlineDiffs": false,
        "code": true
      },
      "version": "7.1.4"
    },
    "marge": {
      "options": {
        "reportDir": "reports/json",
        "overwrite": false,
        "html": false,
        "json": true,
        "charts": true,
        "embeddedScreenshots": true,
        "inlineAssets": true,
        "timestamp": "mmddyyyy_HHMMss"
      },
      "version": "6.3.2"
    }
  }
}