{
  "stats": {
    "suites": 1,
    "tests": 4,
    "passes": 4,
    "pending": 0,
    "failures": 0,
    "start": "2025-11-24T07:39:59.151Z",
    "end": "2025-11-24T07:40:19.522Z",
    "duration": 20371,
    "testsRegistered": 4,
    "passPercent": 100,
    "pendingPercent": 0,
    "other": 0,
    "hasOther": false,
    "skipped": 0,
    "hasSkipped": false
  },
  "results": [
    {
      "uuid": "647f8485-6f80-441a-a44b-2eaff7fd81d0",
      "title": "",
      "fullFile": "cypress/e2e/smoke/smoke.cy.js",
      "file": "cypress/e2e/smoke/smoke.cy.js",
      "beforeHooks": [],
      "afterHooks": [],
      "tests": [],
      "suites": [
        {
          "uuid": "929b9a79-e210-4a1d-ac18-9b0de4c0465b",
          "title": "Smoke Test - create/delete service with route",
          "fullFile": "",
          "file": "",
          "beforeHooks": [],
          "afterHooks": [],
          "tests": [
            {
              "title": "should succeed : create a http gateway service",
              "fullTitle": "Smoke Test - create/delete service with route should succeed : create a http gateway service",
              "timedOut": null,
              "duration": 4582,
              "state": "passed",
              "speed": "fast",
              "pass": true,
              "fail": false,
              "pending": false,
              "context": null,
              "code": "const page = new _ServicePage.ServicePage();\nif (service.expectedResult === \"success\") {\n  page.createService(service).verifySuccessMessage(\"Gateway Service\").verifyLocation();\n} else {\n  page.createService(service).verifyErrorMessage(service.errMessage);\n}",
              "err": {},
              "uuid": "38938549-e9b4-49ee-bb78-68ab0c84505c",
              "parentUUID": "929b9a79-e210-4a1d-ac18-9b0de4c0465b",
              "isHook": false,
              "skipped": false
            },
            {
              "title": "should succeed : Create route binded to 'smoke-test'",
              "fullTitle": "Smoke Test - create/delete service with route should succeed : Create route binded to 'smoke-test'",
              "timedOut": null,
              "duration": 6300,
              "state": "passed",
              "speed": "medium",
              "pass": true,
              "fail": false,
              "pending": false,
              "context": null,
              "code": "const page = new _RoutePage.RoutePage();\nif (route.expectedResult === \"success\") {\n  page.createRoute(route).verifySuccessMessage(\"\");\n} else {\n  page.createRoute(route).verifyErrorMessage(route.errMessage);\n}",
              "err": {},
              "uuid": "b3d5325e-e574-4473-bcfe-9adb8e547946",
              "parentUUID": "929b9a79-e210-4a1d-ac18-9b0de4c0465b",
              "isHook": false,
              "skipped": false
            },
            {
              "title": "should succeed : Delete all routes",
              "fullTitle": "Smoke Test - create/delete service with route should succeed : Delete all routes",
              "timedOut": null,
              "duration": 4677,
              "state": "passed",
              "speed": "fast",
              "pass": true,
              "fail": false,
              "pending": false,
              "context": null,
              "code": "const mainpage = new _MainPage.MainPage();\nmainpage.deleteAllRoutes();",
              "err": {},
              "uuid": "197c0179-e07c-46ab-abe5-d16175072cda",
              "parentUUID": "929b9a79-e210-4a1d-ac18-9b0de4c0465b",
              "isHook": false,
              "skipped": false
            },
            {
              "title": "should succeed : Delete all services",
              "fullTitle": "Smoke Test - create/delete service with route should succeed : Delete all services",
              "timedOut": null,
              "duration": 4598,
              "state": "passed",
              "speed": "fast",
              "pass": true,
              "fail": false,
              "pending": false,
              "context": null,
              "code": "const mainpage = new _MainPage.MainPage();\nmainpage.deleteAllServices();",
              "err": {},
              "uuid": "0bfc2e96-91fa-4c15-8a67-2070ccdf9b5d",
              "parentUUID": "929b9a79-e210-4a1d-ac18-9b0de4c0465b",
              "isHook": false,
              "skipped": false
            }
          ],
          "suites": [],
          "passes": [
            "38938549-e9b4-49ee-bb78-68ab0c84505c",
            "b3d5325e-e574-4473-bcfe-9adb8e547946",
            "197c0179-e07c-46ab-abe5-d16175072cda",
            "0bfc2e96-91fa-4c15-8a67-2070ccdf9b5d"
          ],
          "failures": [],
          "pending": [],
          "skipped": [],
          "duration": 20157,
          "root": false,
          "rootEmpty": false,
          "_timeout": 2000
        }
      ],
      "passes": [],
      "failures": [],
      "pending": [],
      "skipped": [],
      "duration": 0,
      "root": true,
      "rootEmpty": true,
      "_timeout": 2000
    }
  ],
  "meta": {
    "mocha": {
      "version": "7.0.1"
    },
    "mochawesome": {
      "options": {
        "quiet": false,
        "reportFilename": "mochawesome",
        "saveHtml": false,
        "saveJson": true,
        "consoleReporter": "spec",
        "useInlineDiffs": false,
        "code": true
      },
      "version": "7.1.4"
    },
    "marge": {
      "options": {
        "reportDir": "reports/json",
        "overwrite": false,
        "html": false,
        "json": true,
        "charts": true,
        "embeddedScreenshots": true,
        "inlineAssets": true,
        "timestamp": "mmddyyyy_HHMMss"
      },
      "version": "6.3.2"
    }
  }
}