{
  "stats": {
    "suites": 1,
    "tests": 30,
    "passes": 30,
    "pending": 0,
    "failures": 0,
    "start": "2025-11-24T07:44:10.324Z",
    "end": "2025-11-24T07:45:44.605Z",
    "duration": 94281,
    "testsRegistered": 30,
    "passPercent": 100,
    "pendingPercent": 0,
    "other": 0,
    "hasOther": false,
    "skipped": 0,
    "hasSkipped": false
  },
  "results": [
    {
      "uuid": "f14e3b6b-a072-4679-87f3-142f44023fc9",
      "title": "",
      "fullFile": "cypress/e2e/ui/service/gatewayservice.cy.js",
      "file": "cypress/e2e/ui/service/gatewayservice.cy.js",
      "beforeHooks": [],
      "afterHooks": [],
      "tests": [],
      "suites": [
        {
          "uuid": "1fe37469-f6db-4be8-a957-94000b28da9f",
          "title": "Create gateway service",
          "fullFile": "",
          "file": "",
          "beforeHooks": [],
          "afterHooks": [],
          "tests": [
            {
              "title": "should succeed : Create basic service",
              "fullTitle": "Create gateway service should succeed : Create basic service",
              "timedOut": null,
              "duration": 2592,
              "state": "passed",
              "speed": "fast",
              "pass": true,
              "fail": false,
              "pending": false,
              "context": null,
              "code": "const page = new _ServicePage.ServicePage();\nif (data.expectedResult === \"success\") {\n  page.createService(data).verifySuccessMessage(\"Gateway Service\").verifyLocation();\n} else {\n  page.createService(data).verifyErrorMessage(data.errMessage);\n}",
              "err": {},
              "uuid": "eadeb1eb-89bf-4689-8ae0-5427e65f967a",
              "parentUUID": "1fe37469-f6db-4be8-a957-94000b28da9f",
              "isHook": false,
              "skipped": false
            },
            {
              "title": "should fail : Duplicate service created",
              "fullTitle": "Create gateway service should fail : Duplicate service created",
              "timedOut": null,
              "duration": 2424,
              "state": "passed",
              "speed": "fast",
              "pass": true,
              "fail": false,
              "pending": false,
              "context": null,
              "code": "const page = new _ServicePage.ServicePage();\nif (data.expectedResult === \"success\") {\n  page.createService(data).verifySuccessMessage(\"Gateway Service\").verifyLocation();\n} else {\n  page.createService(data).verifyErrorMessage(data.errMessage);\n}",
              "err": {},
              "uuid": "3eb69dc0-f6cc-49e8-8649-4fe8c403ccc6",
              "parentUUID": "1fe37469-f6db-4be8-a957-94000b28da9f",
              "isHook": false,
              "skipped": false
            },
            {
              "title": "should succeed : Create service with HTTPS",
              "fullTitle": "Create gateway service should succeed : Create service with HTTPS",
              "timedOut": null,
              "duration": 2762,
              "state": "passed",
              "speed": "fast",
              "pass": true,
              "fail": false,
              "pending": false,
              "context": null,
              "code": "const page = new _ServicePage.ServicePage();\nif (data.expectedResult === \"success\") {\n  page.createService(data).verifySuccessMessage(\"Gateway Service\").verifyLocation();\n} else {\n  page.createService(data).verifyErrorMessage(data.errMessage);\n}",
              "err": {},
              "uuid": "7bf5b582-b876-4d71-adf4-191a4b0da8da",
              "parentUUID": "1fe37469-f6db-4be8-a957-94000b28da9f",
              "isHook": false,
              "skipped": false
            },
            {
              "title": "should succeed : Create service with HTTP",
              "fullTitle": "Create gateway service should succeed : Create service with HTTP",
              "timedOut": null,
              "duration": 2536,
              "state": "passed",
              "speed": "fast",
              "pass": true,
              "fail": false,
              "pending": false,
              "context": null,
              "code": "const page = new _ServicePage.ServicePage();\nif (data.expectedResult === \"success\") {\n  page.createService(data).verifySuccessMessage(\"Gateway Service\").verifyLocation();\n} else {\n  page.createService(data).verifyErrorMessage(data.errMessage);\n}",
              "err": {},
              "uuid": "33b80b05-f829-4ac0-9399-2e08b2a1835d",
              "parentUUID": "1fe37469-f6db-4be8-a957-94000b28da9f",
              "isHook": false,
              "skipped": false
            },
            {
              "title": "should succeed : Create service with grpc",
              "fullTitle": "Create gateway service should succeed : Create service with grpc",
              "timedOut": null,
              "duration": 2563,
              "state": "passed",
              "speed": "fast",
              "pass": true,
              "fail": false,
              "pending": false,
              "context": null,
              "code": "const page = new _ServicePage.ServicePage();\nif (data.expectedResult === \"success\") {\n  page.createService(data).verifySuccessMessage(\"Gateway Service\").verifyLocation();\n} else {\n  page.createService(data).verifyErrorMessage(data.errMessage);\n}",
              "err": {},
              "uuid": "21583493-0585-4762-8ccf-da4e65ee39e3",
              "parentUUID": "1fe37469-f6db-4be8-a957-94000b28da9f",
              "isHook": false,
              "skipped": false
            },
            {
              "title": "should succeed : Create a basic GRPC secure service",
              "fullTitle": "Create gateway service should succeed : Create a basic GRPC secure service",
              "timedOut": null,
              "duration": 2834,
              "state": "passed",
              "speed": "fast",
              "pass": true,
              "fail": false,
              "pending": false,
              "context": null,
              "code": "const page = new _ServicePage.ServicePage();\nif (data.expectedResult === \"success\") {\n  page.createService(data).verifySuccessMessage(\"Gateway Service\").verifyLocation();\n} else {\n  page.createService(data).verifyErrorMessage(data.errMessage);\n}",
              "err": {},
              "uuid": "d5f0857e-754c-4921-8473-766cdadedbf8",
              "parentUUID": "1fe37469-f6db-4be8-a957-94000b28da9f",
              "isHook": false,
              "skipped": false
            },
            {
              "title": "should succeed : Create a TCP service for database connection",
              "fullTitle": "Create gateway service should succeed : Create a TCP service for database connection",
              "timedOut": null,
              "duration": 2590,
              "state": "passed",
              "speed": "fast",
              "pass": true,
              "fail": false,
              "pending": false,
              "context": null,
              "code": "const page = new _ServicePage.ServicePage();\nif (data.expectedResult === \"success\") {\n  page.createService(data).verifySuccessMessage(\"Gateway Service\").verifyLocation();\n} else {\n  page.createService(data).verifyErrorMessage(data.errMessage);\n}",
              "err": {},
              "uuid": "9ee28916-0ee1-4962-8e5b-aecf50fdb12d",
              "parentUUID": "1fe37469-f6db-4be8-a957-94000b28da9f",
              "isHook": false,
              "skipped": false
            },
            {
              "title": "should succeed : Create a TLS service",
              "fullTitle": "Create gateway service should succeed : Create a TLS service",
              "timedOut": null,
              "duration": 2691,
              "state": "passed",
              "speed": "fast",
              "pass": true,
              "fail": false,
              "pending": false,
              "context": null,
              "code": "const page = new _ServicePage.ServicePage();\nif (data.expectedResult === \"success\") {\n  page.createService(data).verifySuccessMessage(\"Gateway Service\").verifyLocation();\n} else {\n  page.createService(data).verifyErrorMessage(data.errMessage);\n}",
              "err": {},
              "uuid": "faf910c4-9ea4-49fb-855e-561b6fc57aa2",
              "parentUUID": "1fe37469-f6db-4be8-a957-94000b28da9f",
              "isHook": false,
              "skipped": false
            },
            {
              "title": "should succeed : Create a TLS passthrough service",
              "fullTitle": "Create gateway service should succeed : Create a TLS passthrough service",
              "timedOut": null,
              "duration": 2983,
              "state": "passed",
              "speed": "fast",
              "pass": true,
              "fail": false,
              "pending": false,
              "context": null,
              "code": "const page = new _ServicePage.ServicePage();\nif (data.expectedResult === \"success\") {\n  page.createService(data).verifySuccessMessage(\"Gateway Service\").verifyLocation();\n} else {\n  page.createService(data).verifyErrorMessage(data.errMessage);\n}",
              "err": {},
              "uuid": "49b3b73e-a00e-4ac9-af7b-e31a41f48e4f",
              "parentUUID": "1fe37469-f6db-4be8-a957-94000b28da9f",
              "isHook": false,
              "skipped": false
            },
            {
              "title": "should succeed : Create a UDP service for DNS",
              "fullTitle": "Create gateway service should succeed : Create a UDP service for DNS",
              "timedOut": null,
              "duration": 2514,
              "state": "passed",
              "speed": "fast",
              "pass": true,
              "fail": false,
              "pending": false,
              "context": null,
              "code": "const page = new _ServicePage.ServicePage();\nif (data.expectedResult === \"success\") {\n  page.createService(data).verifySuccessMessage(\"Gateway Service\").verifyLocation();\n} else {\n  page.createService(data).verifyErrorMessage(data.errMessage);\n}",
              "err": {},
              "uuid": "388fa43b-601d-4aa9-8bd9-85c220f38d07",
              "parentUUID": "1fe37469-f6db-4be8-a957-94000b28da9f",
              "isHook": false,
              "skipped": false
            },
            {
              "title": "should succeed : Create http service using an IPv4 address",
              "fullTitle": "Create gateway service should succeed : Create http service using an IPv4 address",
              "timedOut": null,
              "duration": 3046,
              "state": "passed",
              "speed": "fast",
              "pass": true,
              "fail": false,
              "pending": false,
              "context": null,
              "code": "const page = new _ServicePage.ServicePage();\nif (data.expectedResult === \"success\") {\n  page.createService(data).verifySuccessMessage(\"Gateway Service\").verifyLocation();\n} else {\n  page.createService(data).verifyErrorMessage(data.errMessage);\n}",
              "err": {},
              "uuid": "f3a5e353-f1bc-458d-a820-8852a608568b",
              "parentUUID": "1fe37469-f6db-4be8-a957-94000b28da9f",
              "isHook": false,
              "skipped": false
            },
            {
              "title": "should succeed : Create http service using an IPv6 address",
              "fullTitle": "Create gateway service should succeed : Create http service using an IPv6 address",
              "timedOut": null,
              "duration": 3067,
              "state": "passed",
              "speed": "fast",
              "pass": true,
              "fail": false,
              "pending": false,
              "context": null,
              "code": "const page = new _ServicePage.ServicePage();\nif (data.expectedResult === \"success\") {\n  page.createService(data).verifySuccessMessage(\"Gateway Service\").verifyLocation();\n} else {\n  page.createService(data).verifyErrorMessage(data.errMessage);\n}",
              "err": {},
              "uuid": "0d546d7d-b3f5-4cb4-812e-78809cac1b31",
              "parentUUID": "1fe37469-f6db-4be8-a957-94000b28da9f",
              "isHook": false,
              "skipped": false
            },
            {
              "title": "should succeed : Create https service with advanced properties",
              "fullTitle": "Create gateway service should succeed : Create https service with advanced properties",
              "timedOut": null,
              "duration": 4547,
              "state": "passed",
              "speed": "fast",
              "pass": true,
              "fail": false,
              "pending": false,
              "context": null,
              "code": "const page = new _ServicePage.ServicePage();\nif (data.expectedResult === \"success\") {\n  page.createService(data).verifySuccessMessage(\"Gateway Service\").verifyLocation();\n} else {\n  page.createService(data).verifyErrorMessage(data.errMessage);\n}",
              "err": {},
              "uuid": "7a3bbc3c-3521-4e34-807e-4b5e811aa66a",
              "parentUUID": "1fe37469-f6db-4be8-a957-94000b28da9f",
              "isHook": false,
              "skipped": false
            },
            {
              "title": "should succeed : Create grpc service with advanced properties",
              "fullTitle": "Create gateway service should succeed : Create grpc service with advanced properties",
              "timedOut": null,
              "duration": 3936,
              "state": "passed",
              "speed": "fast",
              "pass": true,
              "fail": false,
              "pending": false,
              "context": null,
              "code": "const page = new _ServicePage.ServicePage();\nif (data.expectedResult === \"success\") {\n  page.createService(data).verifySuccessMessage(\"Gateway Service\").verifyLocation();\n} else {\n  page.createService(data).verifyErrorMessage(data.errMessage);\n}",
              "err": {},
              "uuid": "02c711ec-7c1a-4107-beca-1541210ac94a",
              "parentUUID": "1fe37469-f6db-4be8-a957-94000b28da9f",
              "isHook": false,
              "skipped": false
            },
            {
              "title": "should succeed : Create tcp service with advanced properties",
              "fullTitle": "Create gateway service should succeed : Create tcp service with advanced properties",
              "timedOut": null,
              "duration": 3030,
              "state": "passed",
              "speed": "fast",
              "pass": true,
              "fail": false,
              "pending": false,
              "context": null,
              "code": "const page = new _ServicePage.ServicePage();\nif (data.expectedResult === \"success\") {\n  page.createService(data).verifySuccessMessage(\"Gateway Service\").verifyLocation();\n} else {\n  page.createService(data).verifyErrorMessage(data.errMessage);\n}",
              "err": {},
              "uuid": "acf79d7b-9e36-4903-89ba-8cc3d4391e2c",
              "parentUUID": "1fe37469-f6db-4be8-a957-94000b28da9f",
              "isHook": false,
              "skipped": false
            },
            {
              "title": "should succeed : Create udp service with advanced properties",
              "fullTitle": "Create gateway service should succeed : Create udp service with advanced properties",
              "timedOut": null,
              "duration": 3034,
              "state": "passed",
              "speed": "fast",
              "pass": true,
              "fail": false,
              "pending": false,
              "context": null,
              "code": "const page = new _ServicePage.ServicePage();\nif (data.expectedResult === \"success\") {\n  page.createService(data).verifySuccessMessage(\"Gateway Service\").verifyLocation();\n} else {\n  page.createService(data).verifyErrorMessage(data.errMessage);\n}",
              "err": {},
              "uuid": "4d4985b8-e405-4091-8cf0-34749dd2d5c0",
              "parentUUID": "1fe37469-f6db-4be8-a957-94000b28da9f",
              "isHook": false,
              "skipped": false
            },
            {
              "title": "should succeed : Create http service with advanced properties",
              "fullTitle": "Create gateway service should succeed : Create http service with advanced properties",
              "timedOut": null,
              "duration": 4341,
              "state": "passed",
              "speed": "fast",
              "pass": true,
              "fail": false,
              "pending": false,
              "context": null,
              "code": "const page = new _ServicePage.ServicePage();\nif (data.expectedResult === \"success\") {\n  page.createService(data).verifySuccessMessage(\"Gateway Service\").verifyLocation();\n} else {\n  page.createService(data).verifyErrorMessage(data.errMessage);\n}",
              "err": {},
              "uuid": "f277db2d-0377-4152-908a-fce37e0d04c5",
              "parentUUID": "1fe37469-f6db-4be8-a957-94000b28da9f",
              "isHook": false,
              "skipped": false
            },
            {
              "title": "should succeed : Invalid port number (non-numeric) created",
              "fullTitle": "Create gateway service should succeed : Invalid port number (non-numeric) created",
              "timedOut": null,
              "duration": 2607,
              "state": "passed",
              "speed": "fast",
              "pass": true,
              "fail": false,
              "pending": false,
              "context": null,
              "code": "const page = new _ServicePage.ServicePage();\nif (data.expectedResult === \"success\") {\n  page.createService(data).verifySuccessMessage(\"Gateway Service\").verifyLocation();\n} else {\n  page.createService(data).verifyErrorMessage(data.errMessage);\n}",
              "err": {},
              "uuid": "3a085eb5-210b-4a00-888e-1a2386599a3f",
              "parentUUID": "1fe37469-f6db-4be8-a957-94000b28da9f",
              "isHook": false,
              "skipped": false
            },
            {
              "title": "should succeed : Create service with port zero",
              "fullTitle": "Create gateway service should succeed : Create service with port zero",
              "timedOut": null,
              "duration": 2585,
              "state": "passed",
              "speed": "fast",
              "pass": true,
              "fail": false,
              "pending": false,
              "context": null,
              "code": "const page = new _ServicePage.ServicePage();\nif (data.expectedResult === \"success\") {\n  page.createService(data).verifySuccessMessage(\"Gateway Service\").verifyLocation();\n} else {\n  page.createService(data).verifyErrorMessage(data.errMessage);\n}",
              "err": {},
              "uuid": "1907a76d-7d1d-4609-8f4e-b991c1fea921",
              "parentUUID": "1fe37469-f6db-4be8-a957-94000b28da9f",
              "isHook": false,
              "skipped": false
            },
            {
              "title": "should fail : Invalid port number (out of range)",
              "fullTitle": "Create gateway service should fail : Invalid port number (out of range)",
              "timedOut": null,
              "duration": 2559,
              "state": "passed",
              "speed": "fast",
              "pass": true,
              "fail": false,
              "pending": false,
              "context": null,
              "code": "const page = new _ServicePage.ServicePage();\nif (data.expectedResult === \"success\") {\n  page.createService(data).verifySuccessMessage(\"Gateway Service\").verifyLocation();\n} else {\n  page.createService(data).verifyErrorMessage(data.errMessage);\n}",
              "err": {},
              "uuid": "bce4a93f-790f-480d-af25-2f59ae6fa423",
              "parentUUID": "1fe37469-f6db-4be8-a957-94000b28da9f",
              "isHook": false,
              "skipped": false
            },
            {
              "title": "should fail : Invalid port number (negative)",
              "fullTitle": "Create gateway service should fail : Invalid port number (negative)",
              "timedOut": null,
              "duration": 2573,
              "state": "passed",
              "speed": "fast",
              "pass": true,
              "fail": false,
              "pending": false,
              "context": null,
              "code": "const page = new _ServicePage.ServicePage();\nif (data.expectedResult === \"success\") {\n  page.createService(data).verifySuccessMessage(\"Gateway Service\").verifyLocation();\n} else {\n  page.createService(data).verifyErrorMessage(data.errMessage);\n}",
              "err": {},
              "uuid": "dddd4f97-40b1-4a34-bc7d-9b5755406145",
              "parentUUID": "1fe37469-f6db-4be8-a957-94000b28da9f",
              "isHook": false,
              "skipped": false
            },
            {
              "title": "should fail : Tags and path with special characters",
              "fullTitle": "Create gateway service should fail : Tags and path with special characters",
              "timedOut": null,
              "duration": 3298,
              "state": "passed",
              "speed": "fast",
              "pass": true,
              "fail": false,
              "pending": false,
              "context": null,
              "code": "const page = new _ServicePage.ServicePage();\nif (data.expectedResult === \"success\") {\n  page.createService(data).verifySuccessMessage(\"Gateway Service\").verifyLocation();\n} else {\n  page.createService(data).verifyErrorMessage(data.errMessage);\n}",
              "err": {},
              "uuid": "ad5752ac-30a3-4f5b-8b41-1d2286cfc5d9",
              "parentUUID": "1fe37469-f6db-4be8-a957-94000b28da9f",
              "isHook": false,
              "skipped": false
            },
            {
              "title": "should fail : Create http service with invalid ca and cert",
              "fullTitle": "Create gateway service should fail : Create http service with invalid ca and cert",
              "timedOut": null,
              "duration": 5049,
              "state": "passed",
              "speed": "medium",
              "pass": true,
              "fail": false,
              "pending": false,
              "context": null,
              "code": "const page = new _ServicePage.ServicePage();\nif (data.expectedResult === \"success\") {\n  page.createService(data).verifySuccessMessage(\"Gateway Service\").verifyLocation();\n} else {\n  page.createService(data).verifyErrorMessage(data.errMessage);\n}",
              "err": {},
              "uuid": "d34df246-0a26-41bf-a60c-d0daf8070634",
              "parentUUID": "1fe37469-f6db-4be8-a957-94000b28da9f",
              "isHook": false,
              "skipped": false
            },
            {
              "title": "should fail : Attempt to create service with negative retries",
              "fullTitle": "Create gateway service should fail : Attempt to create service with negative retries",
              "timedOut": null,
              "duration": 2436,
              "state": "passed",
              "speed": "fast",
              "pass": true,
              "fail": false,
              "pending": false,
              "context": null,
              "code": "const page = new _ServicePage.ServicePage();\nif (data.expectedResult === \"success\") {\n  page.createService(data).verifySuccessMessage(\"Gateway Service\").verifyLocation();\n} else {\n  page.createService(data).verifyErrorMessage(data.errMessage);\n}",
              "err": {},
              "uuid": "143e2921-eba8-4fae-8875-0b1166307e5f",
              "parentUUID": "1fe37469-f6db-4be8-a957-94000b28da9f",
              "isHook": false,
              "skipped": false
            },
            {
              "title": "should fail : Attempt to create service with non-numeric timeout",
              "fullTitle": "Create gateway service should fail : Attempt to create service with non-numeric timeout",
              "timedOut": null,
              "duration": 2535,
              "state": "passed",
              "speed": "fast",
              "pass": true,
              "fail": false,
              "pending": false,
              "context": null,
              "code": "const page = new _ServicePage.ServicePage();\nif (data.expectedResult === \"success\") {\n  page.createService(data).verifySuccessMessage(\"Gateway Service\").verifyLocation();\n} else {\n  page.createService(data).verifyErrorMessage(data.errMessage);\n}",
              "err": {},
              "uuid": "9c3adf14-f076-4b12-b223-49785e0dc074",
              "parentUUID": "1fe37469-f6db-4be8-a957-94000b28da9f",
              "isHook": false,
              "skipped": false
            },
            {
              "title": "should fail : Attempt to create service with non-numeric timeout",
              "fullTitle": "Create gateway service should fail : Attempt to create service with non-numeric timeout",
              "timedOut": null,
              "duration": 2512,
              "state": "passed",
              "speed": "fast",
              "pass": true,
              "fail": false,
              "pending": false,
              "context": null,
              "code": "const page = new _ServicePage.ServicePage();\nif (data.expectedResult === \"success\") {\n  page.createService(data).verifySuccessMessage(\"Gateway Service\").verifyLocation();\n} else {\n  page.createService(data).verifyErrorMessage(data.errMessage);\n}",
              "err": {},
              "uuid": "412a0502-29be-4cfa-b162-7b13179f8ced",
              "parentUUID": "1fe37469-f6db-4be8-a957-94000b28da9f",
              "isHook": false,
              "skipped": false
            },
            {
              "title": "should fail : Attempt to create service with non-numeric timeout",
              "fullTitle": "Create gateway service should fail : Attempt to create service with non-numeric timeout",
              "timedOut": null,
              "duration": 2516,
              "state": "passed",
              "speed": "fast",
              "pass": true,
              "fail": false,
              "pending": false,
              "context": null,
              "code": "const page = new _ServicePage.ServicePage();\nif (data.expectedResult === \"success\") {\n  page.createService(data).verifySuccessMessage(\"Gateway Service\").verifyLocation();\n} else {\n  page.createService(data).verifyErrorMessage(data.errMessage);\n}",
              "err": {},
              "uuid": "228d605e-95d6-468e-b834-eb945cf6000c",
              "parentUUID": "1fe37469-f6db-4be8-a957-94000b28da9f",
              "isHook": false,
              "skipped": false
            },
            {
              "title": "should fail : Create http service with not existing certificate",
              "fullTitle": "Create gateway service should fail : Create http service with not existing certificate",
              "timedOut": null,
              "duration": 5651,
              "state": "passed",
              "speed": "medium",
              "pass": true,
              "fail": false,
              "pending": false,
              "context": null,
              "code": "const page = new _ServicePage.ServicePage();\nif (data.expectedResult === \"success\") {\n  page.createService(data).verifySuccessMessage(\"Gateway Service\").verifyLocation();\n} else {\n  page.createService(data).verifyErrorMessage(data.errMessage);\n}",
              "err": {},
              "uuid": "6fa62374-e2c3-4173-8868-642f249679f0",
              "parentUUID": "1fe37469-f6db-4be8-a957-94000b28da9f",
              "isHook": false,
              "skipped": false
            },
            {
              "title": "should succeed : Service with long name created",
              "fullTitle": "Create gateway service should succeed : Service with long name created",
              "timedOut": null,
              "duration": 3711,
              "state": "passed",
              "speed": "fast",
              "pass": true,
              "fail": false,
              "pending": false,
              "context": null,
              "code": "const page = new _ServicePage.ServicePage();\nif (data.expectedResult === \"success\") {\n  page.createService(data).verifySuccessMessage(\"Gateway Service\").verifyLocation();\n} else {\n  page.createService(data).verifyErrorMessage(data.errMessage);\n}",
              "err": {},
              "uuid": "156c1a9c-85fc-47c7-be8a-024691af0018",
              "parentUUID": "1fe37469-f6db-4be8-a957-94000b28da9f",
              "isHook": false,
              "skipped": false
            },
            {
              "title": "should succeed : Create service with long name",
              "fullTitle": "Create gateway service should succeed : Create service with long name",
              "timedOut": null,
              "duration": 3499,
              "state": "passed",
              "speed": "fast",
              "pass": true,
              "fail": false,
              "pending": false,
              "context": null,
              "code": "const page = new _ServicePage.ServicePage();\nif (data.expectedResult === \"success\") {\n  page.createService(data).verifySuccessMessage(\"Gateway Service\").verifyLocation();\n} else {\n  page.createService(data).verifyErrorMessage(data.errMessage);\n}",
              "err": {},
              "uuid": "44652b8e-a55d-4929-878b-0269a960be37",
              "parentUUID": "1fe37469-f6db-4be8-a957-94000b28da9f",
              "isHook": false,
              "skipped": false
            }
          ],
          "suites": [],
          "passes": [
            "eadeb1eb-89bf-4689-8ae0-5427e65f967a",
            "3eb69dc0-f6cc-49e8-8649-4fe8c403ccc6",
            "7bf5b582-b876-4d71-adf4-191a4b0da8da",
            "33b80b05-f829-4ac0-9399-2e08b2a1835d",
            "21583493-0585-4762-8ccf-da4e65ee39e3",
            "d5f0857e-754c-4921-8473-766cdadedbf8",
            "9ee28916-0ee1-4962-8e5b-aecf50fdb12d",
            "faf910c4-9ea4-49fb-855e-561b6fc57aa2",
            "49b3b73e-a00e-4ac9-af7b-e31a41f48e4f",
            "388fa43b-601d-4aa9-8bd9-85c220f38d07",
            "f3a5e353-f1bc-458d-a820-8852a608568b",
            "0d546d7d-b3f5-4cb4-812e-78809cac1b31",
            "7a3bbc3c-3521-4e34-807e-4b5e811aa66a",
            "02c711ec-7c1a-4107-beca-1541210ac94a",
            "acf79d7b-9e36-4903-89ba-8cc3d4391e2c",
            "4d4985b8-e405-4091-8cf0-34749dd2d5c0",
            "f277db2d-0377-4152-908a-fce37e0d04c5",
            "3a085eb5-210b-4a00-888e-1a2386599a3f",
            "1907a76d-7d1d-4609-8f4e-b991c1fea921",
            "bce4a93f-790f-480d-af25-2f59ae6fa423",
            "dddd4f97-40b1-4a34-bc7d-9b5755406145",
            "ad5752ac-30a3-4f5b-8b41-1d2286cfc5d9",
            "d34df246-0a26-41bf-a60c-d0daf8070634",
            "143e2921-eba8-4fae-8875-0b1166307e5f",
            "9c3adf14-f076-4b12-b223-49785e0dc074",
            "412a0502-29be-4cfa-b162-7b13179f8ced",
            "228d605e-95d6-468e-b834-eb945cf6000c",
            "6fa62374-e2c3-4173-8868-642f249679f0",
            "156c1a9c-85fc-47c7-be8a-024691af0018",
            "44652b8e-a55d-4929-878b-0269a960be37"
          ],
          "failures": [],
          "pending": [],
          "skipped": [],
          "duration": 93021,
          "root": false,
          "rootEmpty": false,
          "_timeout": 2000
        }
      ],
      "passes": [],
      "failures": [],
      "pending": [],
      "skipped": [],
      "duration": 0,
      "root": true,
      "rootEmpty": true,
      "_timeout": 2000
    }
  ],
  "meta": {
    "mocha": {
      "version": "7.0.1"
    },
    "mochawesome": {
      "options": {
        "quiet": false,
        "reportFilename": "mochawesome",
        "saveHtml": false,
        "saveJson": true,
        "consoleReporter": "spec",
        "useInlineDiffs": false,
        "code": true
      },
      "version": "7.1.4"
    },
    "marge": {
      "options": {
        "reportDir": "reports/json",
        "overwrite": false,
        "html": false,
        "json": true,
        "charts": true,
        "embeddedScreenshots": true,
        "inlineAssets": true,
        "timestamp": "mmddyyyy_HHMMss"
      },
      "version": "6.3.2"
    }
  }
}