{
  "stats": {
    "suites": 1,
    "tests": 30,
    "passes": 30,
    "pending": 0,
    "failures": 0,
    "start": "2025-11-24T07:40:25.313Z",
    "end": "2025-11-24T07:42:03.348Z",
    "duration": 98035,
    "testsRegistered": 30,
    "passPercent": 100,
    "pendingPercent": 0,
    "other": 0,
    "hasOther": false,
    "skipped": 0,
    "hasSkipped": false
  },
  "results": [
    {
      "uuid": "21f3efe2-0fe8-4bfc-b5a3-2e5939c6b719",
      "title": "",
      "fullFile": "cypress/e2e/ui/service/gatewayservice.cy.js",
      "file": "cypress/e2e/ui/service/gatewayservice.cy.js",
      "beforeHooks": [],
      "afterHooks": [],
      "tests": [],
      "suites": [
        {
          "uuid": "309f5bff-6b16-4bab-9b9c-ebe6703bda02",
          "title": "Create gateway service",
          "fullFile": "",
          "file": "",
          "beforeHooks": [],
          "afterHooks": [],
          "tests": [
            {
              "title": "should succeed : Create basic service",
              "fullTitle": "Create gateway service should succeed : Create basic service",
              "timedOut": null,
              "duration": 2682,
              "state": "passed",
              "speed": "fast",
              "pass": true,
              "fail": false,
              "pending": false,
              "context": null,
              "code": "const page = new _ServicePage.ServicePage();\nif (data.expectedResult === \"success\") {\n  page.createService(data).verifySuccessMessage(\"Gateway Service\").verifyLocation();\n} else {\n  page.createService(data).verifyErrorMessage(data.errMessage);\n}",
              "err": {},
              "uuid": "07c763f8-676d-4bbc-808a-dc694376b25f",
              "parentUUID": "309f5bff-6b16-4bab-9b9c-ebe6703bda02",
              "isHook": false,
              "skipped": false
            },
            {
              "title": "should fail : Duplicate service created",
              "fullTitle": "Create gateway service should fail : Duplicate service created",
              "timedOut": null,
              "duration": 2482,
              "state": "passed",
              "speed": "fast",
              "pass": true,
              "fail": false,
              "pending": false,
              "context": null,
              "code": "const page = new _ServicePage.ServicePage();\nif (data.expectedResult === \"success\") {\n  page.createService(data).verifySuccessMessage(\"Gateway Service\").verifyLocation();\n} else {\n  page.createService(data).verifyErrorMessage(data.errMessage);\n}",
              "err": {},
              "uuid": "7a8a1eec-b5b8-43db-8f9b-f0fd5f3fa246",
              "parentUUID": "309f5bff-6b16-4bab-9b9c-ebe6703bda02",
              "isHook": false,
              "skipped": false
            },
            {
              "title": "should succeed : Create service with HTTPS",
              "fullTitle": "Create gateway service should succeed : Create service with HTTPS",
              "timedOut": null,
              "duration": 2858,
              "state": "passed",
              "speed": "fast",
              "pass": true,
              "fail": false,
              "pending": false,
              "context": null,
              "code": "const page = new _ServicePage.ServicePage();\nif (data.expectedResult === \"success\") {\n  page.createService(data).verifySuccessMessage(\"Gateway Service\").verifyLocation();\n} else {\n  page.createService(data).verifyErrorMessage(data.errMessage);\n}",
              "err": {},
              "uuid": "3c0de7d8-5e14-4989-9ef8-2da0d130b572",
              "parentUUID": "309f5bff-6b16-4bab-9b9c-ebe6703bda02",
              "isHook": false,
              "skipped": false
            },
            {
              "title": "should succeed : Create service with HTTP",
              "fullTitle": "Create gateway service should succeed : Create service with HTTP",
              "timedOut": null,
              "duration": 2592,
              "state": "passed",
              "speed": "fast",
              "pass": true,
              "fail": false,
              "pending": false,
              "context": null,
              "code": "const page = new _ServicePage.ServicePage();\nif (data.expectedResult === \"success\") {\n  page.createService(data).verifySuccessMessage(\"Gateway Service\").verifyLocation();\n} else {\n  page.createService(data).verifyErrorMessage(data.errMessage);\n}",
              "err": {},
              "uuid": "84721fea-1bc5-4c04-b879-ce8f3d03de75",
              "parentUUID": "309f5bff-6b16-4bab-9b9c-ebe6703bda02",
              "isHook": false,
              "skipped": false
            },
            {
              "title": "should succeed : Create service with grpc",
              "fullTitle": "Create gateway service should succeed : Create service with grpc",
              "timedOut": null,
              "duration": 2671,
              "state": "passed",
              "speed": "fast",
              "pass": true,
              "fail": false,
              "pending": false,
              "context": null,
              "code": "const page = new _ServicePage.ServicePage();\nif (data.expectedResult === \"success\") {\n  page.createService(data).verifySuccessMessage(\"Gateway Service\").verifyLocation();\n} else {\n  page.createService(data).verifyErrorMessage(data.errMessage);\n}",
              "err": {},
              "uuid": "97793991-14a7-44fe-803d-d3b4da895f1e",
              "parentUUID": "309f5bff-6b16-4bab-9b9c-ebe6703bda02",
              "isHook": false,
              "skipped": false
            },
            {
              "title": "should succeed : Create a basic GRPC secure service",
              "fullTitle": "Create gateway service should succeed : Create a basic GRPC secure service",
              "timedOut": null,
              "duration": 2934,
              "state": "passed",
              "speed": "fast",
              "pass": true,
              "fail": false,
              "pending": false,
              "context": null,
              "code": "const page = new _ServicePage.ServicePage();\nif (data.expectedResult === \"success\") {\n  page.createService(data).verifySuccessMessage(\"Gateway Service\").verifyLocation();\n} else {\n  page.createService(data).verifyErrorMessage(data.errMessage);\n}",
              "err": {},
              "uuid": "ad7a6af8-8d5a-4d68-be11-52424d9ea2cb",
              "parentUUID": "309f5bff-6b16-4bab-9b9c-ebe6703bda02",
              "isHook": false,
              "skipped": false
            },
            {
              "title": "should succeed : Create a TCP service for database connection",
              "fullTitle": "Create gateway service should succeed : Create a TCP service for database connection",
              "timedOut": null,
              "duration": 2689,
              "state": "passed",
              "speed": "fast",
              "pass": true,
              "fail": false,
              "pending": false,
              "context": null,
              "code": "const page = new _ServicePage.ServicePage();\nif (data.expectedResult === \"success\") {\n  page.createService(data).verifySuccessMessage(\"Gateway Service\").verifyLocation();\n} else {\n  page.createService(data).verifyErrorMessage(data.errMessage);\n}",
              "err": {},
              "uuid": "c46343ae-5b47-4a14-9aae-7a46f1e19c6b",
              "parentUUID": "309f5bff-6b16-4bab-9b9c-ebe6703bda02",
              "isHook": false,
              "skipped": false
            },
            {
              "title": "should succeed : Create a TLS service",
              "fullTitle": "Create gateway service should succeed : Create a TLS service",
              "timedOut": null,
              "duration": 2764,
              "state": "passed",
              "speed": "fast",
              "pass": true,
              "fail": false,
              "pending": false,
              "context": null,
              "code": "const page = new _ServicePage.ServicePage();\nif (data.expectedResult === \"success\") {\n  page.createService(data).verifySuccessMessage(\"Gateway Service\").verifyLocation();\n} else {\n  page.createService(data).verifyErrorMessage(data.errMessage);\n}",
              "err": {},
              "uuid": "9eabf9b1-ef00-4af7-886e-7af59b5ab1ef",
              "parentUUID": "309f5bff-6b16-4bab-9b9c-ebe6703bda02",
              "isHook": false,
              "skipped": false
            },
            {
              "title": "should succeed : Create a TLS passthrough service",
              "fullTitle": "Create gateway service should succeed : Create a TLS passthrough service",
              "timedOut": null,
              "duration": 3082,
              "state": "passed",
              "speed": "fast",
              "pass": true,
              "fail": false,
              "pending": false,
              "context": null,
              "code": "const page = new _ServicePage.ServicePage();\nif (data.expectedResult === \"success\") {\n  page.createService(data).verifySuccessMessage(\"Gateway Service\").verifyLocation();\n} else {\n  page.createService(data).verifyErrorMessage(data.errMessage);\n}",
              "err": {},
              "uuid": "349a1ee1-0a44-4d68-9ece-e1592f968887",
              "parentUUID": "309f5bff-6b16-4bab-9b9c-ebe6703bda02",
              "isHook": false,
              "skipped": false
            },
            {
              "title": "should succeed : Create a UDP service for DNS",
              "fullTitle": "Create gateway service should succeed : Create a UDP service for DNS",
              "timedOut": null,
              "duration": 2602,
              "state": "passed",
              "speed": "fast",
              "pass": true,
              "fail": false,
              "pending": false,
              "context": null,
              "code": "const page = new _ServicePage.ServicePage();\nif (data.expectedResult === \"success\") {\n  page.createService(data).verifySuccessMessage(\"Gateway Service\").verifyLocation();\n} else {\n  page.createService(data).verifyErrorMessage(data.errMessage);\n}",
              "err": {},
              "uuid": "4fbc87a6-c864-4dd5-90ee-9ee917e12163",
              "parentUUID": "309f5bff-6b16-4bab-9b9c-ebe6703bda02",
              "isHook": false,
              "skipped": false
            },
            {
              "title": "should succeed : Create http service using an IPv4 address",
              "fullTitle": "Create gateway service should succeed : Create http service using an IPv4 address",
              "timedOut": null,
              "duration": 3150,
              "state": "passed",
              "speed": "fast",
              "pass": true,
              "fail": false,
              "pending": false,
              "context": null,
              "code": "const page = new _ServicePage.ServicePage();\nif (data.expectedResult === \"success\") {\n  page.createService(data).verifySuccessMessage(\"Gateway Service\").verifyLocation();\n} else {\n  page.createService(data).verifyErrorMessage(data.errMessage);\n}",
              "err": {},
              "uuid": "62891434-5bd1-47a5-b714-a76a4a2ab984",
              "parentUUID": "309f5bff-6b16-4bab-9b9c-ebe6703bda02",
              "isHook": false,
              "skipped": false
            },
            {
              "title": "should succeed : Create http service using an IPv6 address",
              "fullTitle": "Create gateway service should succeed : Create http service using an IPv6 address",
              "timedOut": null,
              "duration": 3184,
              "state": "passed",
              "speed": "fast",
              "pass": true,
              "fail": false,
              "pending": false,
              "context": null,
              "code": "const page = new _ServicePage.ServicePage();\nif (data.expectedResult === \"success\") {\n  page.createService(data).verifySuccessMessage(\"Gateway Service\").verifyLocation();\n} else {\n  page.createService(data).verifyErrorMessage(data.errMessage);\n}",
              "err": {},
              "uuid": "97f14b8a-8d31-408c-a63e-425b5f6d1c74",
              "parentUUID": "309f5bff-6b16-4bab-9b9c-ebe6703bda02",
              "isHook": false,
              "skipped": false
            },
            {
              "title": "should succeed : Create https service with advanced properties",
              "fullTitle": "Create gateway service should succeed : Create https service with advanced properties",
              "timedOut": null,
              "duration": 4694,
              "state": "passed",
              "speed": "fast",
              "pass": true,
              "fail": false,
              "pending": false,
              "context": null,
              "code": "const page = new _ServicePage.ServicePage();\nif (data.expectedResult === \"success\") {\n  page.createService(data).verifySuccessMessage(\"Gateway Service\").verifyLocation();\n} else {\n  page.createService(data).verifyErrorMessage(data.errMessage);\n}",
              "err": {},
              "uuid": "55f18519-c271-4318-abf6-364d32523e8a",
              "parentUUID": "309f5bff-6b16-4bab-9b9c-ebe6703bda02",
              "isHook": false,
              "skipped": false
            },
            {
              "title": "should succeed : Create grpc service with advanced properties",
              "fullTitle": "Create gateway service should succeed : Create grpc service with advanced properties",
              "timedOut": null,
              "duration": 3990,
              "state": "passed",
              "speed": "fast",
              "pass": true,
              "fail": false,
              "pending": false,
              "context": null,
              "code": "const page = new _ServicePage.ServicePage();\nif (data.expectedResult === \"success\") {\n  page.createService(data).verifySuccessMessage(\"Gateway Service\").verifyLocation();\n} else {\n  page.createService(data).verifyErrorMessage(data.errMessage);\n}",
              "err": {},
              "uuid": "d1daa978-c7ea-45a6-8ab1-3d45a316085d",
              "parentUUID": "309f5bff-6b16-4bab-9b9c-ebe6703bda02",
              "isHook": false,
              "skipped": false
            },
            {
              "title": "should succeed : Create tcp service with advanced properties",
              "fullTitle": "Create gateway service should succeed : Create tcp service with advanced properties",
              "timedOut": null,
              "duration": 3126,
              "state": "passed",
              "speed": "fast",
              "pass": true,
              "fail": false,
              "pending": false,
              "context": null,
              "code": "const page = new _ServicePage.ServicePage();\nif (data.expectedResult === \"success\") {\n  page.createService(data).verifySuccessMessage(\"Gateway Service\").verifyLocation();\n} else {\n  page.createService(data).verifyErrorMessage(data.errMessage);\n}",
              "err": {},
              "uuid": "62884dfd-3447-43d9-b2e8-a3b873cc69f8",
              "parentUUID": "309f5bff-6b16-4bab-9b9c-ebe6703bda02",
              "isHook": false,
              "skipped": false
            },
            {
              "title": "should succeed : Create udp service with advanced properties",
              "fullTitle": "Create gateway service should succeed : Create udp service with advanced properties",
              "timedOut": null,
              "duration": 3136,
              "state": "passed",
              "speed": "fast",
              "pass": true,
              "fail": false,
              "pending": false,
              "context": null,
              "code": "const page = new _ServicePage.ServicePage();\nif (data.expectedResult === \"success\") {\n  page.createService(data).verifySuccessMessage(\"Gateway Service\").verifyLocation();\n} else {\n  page.createService(data).verifyErrorMessage(data.errMessage);\n}",
              "err": {},
              "uuid": "83d3bde8-7b27-47f7-9b44-0e2089077501",
              "parentUUID": "309f5bff-6b16-4bab-9b9c-ebe6703bda02",
              "isHook": false,
              "skipped": false
            },
            {
              "title": "should succeed : Create http service with advanced properties",
              "fullTitle": "Create gateway service should succeed : Create http service with advanced properties",
              "timedOut": null,
              "duration": 4421,
              "state": "passed",
              "speed": "fast",
              "pass": true,
              "fail": false,
              "pending": false,
              "context": null,
              "code": "const page = new _ServicePage.ServicePage();\nif (data.expectedResult === \"success\") {\n  page.createService(data).verifySuccessMessage(\"Gateway Service\").verifyLocation();\n} else {\n  page.createService(data).verifyErrorMessage(data.errMessage);\n}",
              "err": {},
              "uuid": "a52254fd-9cd9-4741-986e-7a172d4ec002",
              "parentUUID": "309f5bff-6b16-4bab-9b9c-ebe6703bda02",
              "isHook": false,
              "skipped": false
            },
            {
              "title": "should succeed : Invalid port number (non-numeric) created",
              "fullTitle": "Create gateway service should succeed : Invalid port number (non-numeric) created",
              "timedOut": null,
              "duration": 2712,
              "state": "passed",
              "speed": "fast",
              "pass": true,
              "fail": false,
              "pending": false,
              "context": null,
              "code": "const page = new _ServicePage.ServicePage();\nif (data.expectedResult === \"success\") {\n  page.createService(data).verifySuccessMessage(\"Gateway Service\").verifyLocation();\n} else {\n  page.createService(data).verifyErrorMessage(data.errMessage);\n}",
              "err": {},
              "uuid": "24517208-c92d-4203-9ca6-669a5325d23f",
              "parentUUID": "309f5bff-6b16-4bab-9b9c-ebe6703bda02",
              "isHook": false,
              "skipped": false
            },
            {
              "title": "should succeed : Create service with port zero",
              "fullTitle": "Create gateway service should succeed : Create service with port zero",
              "timedOut": null,
              "duration": 2689,
              "state": "passed",
              "speed": "fast",
              "pass": true,
              "fail": false,
              "pending": false,
              "context": null,
              "code": "const page = new _ServicePage.ServicePage();\nif (data.expectedResult === \"success\") {\n  page.createService(data).verifySuccessMessage(\"Gateway Service\").verifyLocation();\n} else {\n  page.createService(data).verifyErrorMessage(data.errMessage);\n}",
              "err": {},
              "uuid": "690459f7-26a9-4259-b769-475226a586f8",
              "parentUUID": "309f5bff-6b16-4bab-9b9c-ebe6703bda02",
              "isHook": false,
              "skipped": false
            },
            {
              "title": "should fail : Invalid port number (out of range)",
              "fullTitle": "Create gateway service should fail : Invalid port number (out of range)",
              "timedOut": null,
              "duration": 2641,
              "state": "passed",
              "speed": "fast",
              "pass": true,
              "fail": false,
              "pending": false,
              "context": null,
              "code": "const page = new _ServicePage.ServicePage();\nif (data.expectedResult === \"success\") {\n  page.createService(data).verifySuccessMessage(\"Gateway Service\").verifyLocation();\n} else {\n  page.createService(data).verifyErrorMessage(data.errMessage);\n}",
              "err": {},
              "uuid": "000dbd68-b352-49ed-a02d-2da37a7fadd6",
              "parentUUID": "309f5bff-6b16-4bab-9b9c-ebe6703bda02",
              "isHook": false,
              "skipped": false
            },
            {
              "title": "should fail : Invalid port number (negative)",
              "fullTitle": "Create gateway service should fail : Invalid port number (negative)",
              "timedOut": null,
              "duration": 2653,
              "state": "passed",
              "speed": "fast",
              "pass": true,
              "fail": false,
              "pending": false,
              "context": null,
              "code": "const page = new _ServicePage.ServicePage();\nif (data.expectedResult === \"success\") {\n  page.createService(data).verifySuccessMessage(\"Gateway Service\").verifyLocation();\n} else {\n  page.createService(data).verifyErrorMessage(data.errMessage);\n}",
              "err": {},
              "uuid": "b624a7cf-b568-4cea-a13c-5fab5e49f088",
              "parentUUID": "309f5bff-6b16-4bab-9b9c-ebe6703bda02",
              "isHook": false,
              "skipped": false
            },
            {
              "title": "should fail : Tags and path with special characters",
              "fullTitle": "Create gateway service should fail : Tags and path with special characters",
              "timedOut": null,
              "duration": 3418,
              "state": "passed",
              "speed": "fast",
              "pass": true,
              "fail": false,
              "pending": false,
              "context": null,
              "code": "const page = new _ServicePage.ServicePage();\nif (data.expectedResult === \"success\") {\n  page.createService(data).verifySuccessMessage(\"Gateway Service\").verifyLocation();\n} else {\n  page.createService(data).verifyErrorMessage(data.errMessage);\n}",
              "err": {},
              "uuid": "9f53e996-e1ea-44d2-91cc-265335134ead",
              "parentUUID": "309f5bff-6b16-4bab-9b9c-ebe6703bda02",
              "isHook": false,
              "skipped": false
            },
            {
              "title": "should fail : Create http service with invalid ca and cert",
              "fullTitle": "Create gateway service should fail : Create http service with invalid ca and cert",
              "timedOut": null,
              "duration": 5208,
              "state": "passed",
              "speed": "medium",
              "pass": true,
              "fail": false,
              "pending": false,
              "context": null,
              "code": "const page = new _ServicePage.ServicePage();\nif (data.expectedResult === \"success\") {\n  page.createService(data).verifySuccessMessage(\"Gateway Service\").verifyLocation();\n} else {\n  page.createService(data).verifyErrorMessage(data.errMessage);\n}",
              "err": {},
              "uuid": "685c98a5-2509-4567-b30e-9bc34074bb01",
              "parentUUID": "309f5bff-6b16-4bab-9b9c-ebe6703bda02",
              "isHook": false,
              "skipped": false
            },
            {
              "title": "should fail : Attempt to create service with negative retries",
              "fullTitle": "Create gateway service should fail : Attempt to create service with negative retries",
              "timedOut": null,
              "duration": 2540,
              "state": "passed",
              "speed": "fast",
              "pass": true,
              "fail": false,
              "pending": false,
              "context": null,
              "code": "const page = new _ServicePage.ServicePage();\nif (data.expectedResult === \"success\") {\n  page.createService(data).verifySuccessMessage(\"Gateway Service\").verifyLocation();\n} else {\n  page.createService(data).verifyErrorMessage(data.errMessage);\n}",
              "err": {},
              "uuid": "8df36240-9267-4acb-97f8-9a560ce479b0",
              "parentUUID": "309f5bff-6b16-4bab-9b9c-ebe6703bda02",
              "isHook": false,
              "skipped": false
            },
            {
              "title": "should fail : Attempt to create service with non-numeric timeout",
              "fullTitle": "Create gateway service should fail : Attempt to create service with non-numeric timeout",
              "timedOut": null,
              "duration": 2626,
              "state": "passed",
              "speed": "fast",
              "pass": true,
              "fail": false,
              "pending": false,
              "context": null,
              "code": "const page = new _ServicePage.ServicePage();\nif (data.expectedResult === \"success\") {\n  page.createService(data).verifySuccessMessage(\"Gateway Service\").verifyLocation();\n} else {\n  page.createService(data).verifyErrorMessage(data.errMessage);\n}",
              "err": {},
              "uuid": "9123990c-7689-4b05-b84a-4275be8bf9a5",
              "parentUUID": "309f5bff-6b16-4bab-9b9c-ebe6703bda02",
              "isHook": false,
              "skipped": false
            },
            {
              "title": "should fail : Attempt to create service with non-numeric timeout",
              "fullTitle": "Create gateway service should fail : Attempt to create service with non-numeric timeout",
              "timedOut": null,
              "duration": 2606,
              "state": "passed",
              "speed": "fast",
              "pass": true,
              "fail": false,
              "pending": false,
              "context": null,
              "code": "const page = new _ServicePage.ServicePage();\nif (data.expectedResult === \"success\") {\n  page.createService(data).verifySuccessMessage(\"Gateway Service\").verifyLocation();\n} else {\n  page.createService(data).verifyErrorMessage(data.errMessage);\n}",
              "err": {},
              "uuid": "85b668c7-2222-4dac-a1c6-73541d59ee93",
              "parentUUID": "309f5bff-6b16-4bab-9b9c-ebe6703bda02",
              "isHook": false,
              "skipped": false
            },
            {
              "title": "should fail : Attempt to create service with non-numeric timeout",
              "fullTitle": "Create gateway service should fail : Attempt to create service with non-numeric timeout",
              "timedOut": null,
              "duration": 2625,
              "state": "passed",
              "speed": "fast",
              "pass": true,
              "fail": false,
              "pending": false,
              "context": null,
              "code": "const page = new _ServicePage.ServicePage();\nif (data.expectedResult === \"success\") {\n  page.createService(data).verifySuccessMessage(\"Gateway Service\").verifyLocation();\n} else {\n  page.createService(data).verifyErrorMessage(data.errMessage);\n}",
              "err": {},
              "uuid": "cfc80b4f-464e-4f35-a8f0-28b57fa38948",
              "parentUUID": "309f5bff-6b16-4bab-9b9c-ebe6703bda02",
              "isHook": false,
              "skipped": false
            },
            {
              "title": "should fail : Create http service with not existing certificate",
              "fullTitle": "Create gateway service should fail : Create http service with not existing certificate",
              "timedOut": null,
              "duration": 5811,
              "state": "passed",
              "speed": "medium",
              "pass": true,
              "fail": false,
              "pending": false,
              "context": null,
              "code": "const page = new _ServicePage.ServicePage();\nif (data.expectedResult === \"success\") {\n  page.createService(data).verifySuccessMessage(\"Gateway Service\").verifyLocation();\n} else {\n  page.createService(data).verifyErrorMessage(data.errMessage);\n}",
              "err": {},
              "uuid": "dbf333d6-2e5b-493c-86bd-6da9fdc8c0d2",
              "parentUUID": "309f5bff-6b16-4bab-9b9c-ebe6703bda02",
              "isHook": false,
              "skipped": false
            },
            {
              "title": "should succeed : Service with long name created",
              "fullTitle": "Create gateway service should succeed : Service with long name created",
              "timedOut": null,
              "duration": 3907,
              "state": "passed",
              "speed": "fast",
              "pass": true,
              "fail": false,
              "pending": false,
              "context": null,
              "code": "const page = new _ServicePage.ServicePage();\nif (data.expectedResult === \"success\") {\n  page.createService(data).verifySuccessMessage(\"Gateway Service\").verifyLocation();\n} else {\n  page.createService(data).verifyErrorMessage(data.errMessage);\n}",
              "err": {},
              "uuid": "4e38f02f-2e6d-429b-8da1-26eff3458b2b",
              "parentUUID": "309f5bff-6b16-4bab-9b9c-ebe6703bda02",
              "isHook": false,
              "skipped": false
            },
            {
              "title": "should succeed : Create service with long name",
              "fullTitle": "Create gateway service should succeed : Create service with long name",
              "timedOut": null,
              "duration": 3686,
              "state": "passed",
              "speed": "fast",
              "pass": true,
              "fail": false,
              "pending": false,
              "context": null,
              "code": "const page = new _ServicePage.ServicePage();\nif (data.expectedResult === \"success\") {\n  page.createService(data).verifySuccessMessage(\"Gateway Service\").verifyLocation();\n} else {\n  page.createService(data).verifyErrorMessage(data.errMessage);\n}",
              "err": {},
              "uuid": "56703454-595b-49bf-94b2-ca80108bf70a",
              "parentUUID": "309f5bff-6b16-4bab-9b9c-ebe6703bda02",
              "isHook": false,
              "skipped": false
            }
          ],
          "suites": [],
          "passes": [
            "07c763f8-676d-4bbc-808a-dc694376b25f",
            "7a8a1eec-b5b8-43db-8f9b-f0fd5f3fa246",
            "3c0de7d8-5e14-4989-9ef8-2da0d130b572",
            "84721fea-1bc5-4c04-b879-ce8f3d03de75",
            "97793991-14a7-44fe-803d-d3b4da895f1e",
            "ad7a6af8-8d5a-4d68-be11-52424d9ea2cb",
            "c46343ae-5b47-4a14-9aae-7a46f1e19c6b",
            "9eabf9b1-ef00-4af7-886e-7af59b5ab1ef",
            "349a1ee1-0a44-4d68-9ece-e1592f968887",
            "4fbc87a6-c864-4dd5-90ee-9ee917e12163",
            "62891434-5bd1-47a5-b714-a76a4a2ab984",
            "97f14b8a-8d31-408c-a63e-425b5f6d1c74",
            "55f18519-c271-4318-abf6-364d32523e8a",
            "d1daa978-c7ea-45a6-8ab1-3d45a316085d",
            "62884dfd-3447-43d9-b2e8-a3b873cc69f8",
            "83d3bde8-7b27-47f7-9b44-0e2089077501",
            "a52254fd-9cd9-4741-986e-7a172d4ec002",
            "24517208-c92d-4203-9ca6-669a5325d23f",
            "690459f7-26a9-4259-b769-475226a586f8",
            "000dbd68-b352-49ed-a02d-2da37a7fadd6",
            "b624a7cf-b568-4cea-a13c-5fab5e49f088",
            "9f53e996-e1ea-44d2-91cc-265335134ead",
            "685c98a5-2509-4567-b30e-9bc34074bb01",
            "8df36240-9267-4acb-97f8-9a560ce479b0",
            "9123990c-7689-4b05-b84a-4275be8bf9a5",
            "85b668c7-2222-4dac-a1c6-73541d59ee93",
            "cfc80b4f-464e-4f35-a8f0-28b57fa38948",
            "dbf333d6-2e5b-493c-86bd-6da9fdc8c0d2",
            "4e38f02f-2e6d-429b-8da1-26eff3458b2b",
            "56703454-595b-49bf-94b2-ca80108bf70a"
          ],
          "failures": [],
          "pending": [],
          "skipped": [],
          "duration": 96179,
          "root": false,
          "rootEmpty": false,
          "_timeout": 2000
        }
      ],
      "passes": [],
      "failures": [],
      "pending": [],
      "skipped": [],
      "duration": 0,
      "root": true,
      "rootEmpty": true,
      "_timeout": 2000
    }
  ],
  "meta": {
    "mocha": {
      "version": "7.0.1"
    },
    "mochawesome": {
      "options": {
        "quiet": false,
        "reportFilename": "mochawesome",
        "saveHtml": false,
        "saveJson": true,
        "consoleReporter": "spec",
        "useInlineDiffs": false,
        "code": true
      },
      "version": "7.1.4"
    },
    "marge": {
      "options": {
        "reportDir": "reports/json",
        "overwrite": false,
        "html": false,
        "json": true,
        "charts": true,
        "embeddedScreenshots": true,
        "inlineAssets": true,
        "timestamp": "mmddyyyy_HHMMss"
      },
      "version": "6.3.2"
    }
  }
}