{
  "stats": {
    "suites": 1,
    "tests": 2,
    "passes": 2,
    "pending": 0,
    "failures": 0,
    "start": "2025-11-24T07:42:22.942Z",
    "end": "2025-11-24T07:42:31.588Z",
    "duration": 8646,
    "testsRegistered": 2,
    "passPercent": 100,
    "pendingPercent": 0,
    "other": 0,
    "hasOther": false,
    "skipped": 0,
    "hasSkipped": false
  },
  "results": [
    {
      "uuid": "d13d51f4-68b6-4699-b5ed-25679df824aa",
      "title": "",
      "fullFile": "cypress/e2e/ui/service/routes.cy.js",
      "file": "cypress/e2e/ui/service/routes.cy.js",
      "beforeHooks": [],
      "afterHooks": [],
      "tests": [],
      "suites": [
        {
          "uuid": "677a8085-556b-4491-a82a-21aa78b9b03d",
          "title": "Create routes",
          "fullFile": "",
          "file": "",
          "beforeHooks": [],
          "afterHooks": [],
          "tests": [
            {
              "title": "should succeed : Route created",
              "fullTitle": "Create routes should succeed : Route created",
              "timedOut": null,
              "duration": 6447,
              "state": "passed",
              "speed": "medium",
              "pass": true,
              "fail": false,
              "pending": false,
              "context": null,
              "code": "const page = new _RoutePage.RoutePage();\nif (data.expectedResult === \"success\") {\n  page.createRoute(data).verifySuccessMessage(\"successfully\");\n} else {\n  page.createRoute(data).verifyErrorMessage(data.errMessage);\n}",
              "err": {},
              "uuid": "3b75767d-37ec-476a-a8fa-eb49f15136b4",
              "parentUUID": "677a8085-556b-4491-a82a-21aa78b9b03d",
              "isHook": false,
              "skipped": false
            },
            {
              "title": "should succeed : Route created",
              "fullTitle": "Create routes should succeed : Route created",
              "timedOut": null,
              "duration": 2085,
              "state": "passed",
              "speed": "fast",
              "pass": true,
              "fail": false,
              "pending": false,
              "context": null,
              "code": "const page = new _RoutePage.RoutePage();\nif (data.expectedResult === \"success\") {\n  page.createRoute(data).verifySuccessMessage(\"successfully\");\n} else {\n  page.createRoute(data).verifyErrorMessage(data.errMessage);\n}",
              "err": {},
              "uuid": "63ff25d8-f7e2-4cbd-9e5b-f4bfef8ea83f",
              "parentUUID": "677a8085-556b-4491-a82a-21aa78b9b03d",
              "isHook": false,
              "skipped": false
            }
          ],
          "suites": [],
          "passes": [
            "3b75767d-37ec-476a-a8fa-eb49f15136b4",
            "63ff25d8-f7e2-4cbd-9e5b-f4bfef8ea83f"
          ],
          "failures": [],
          "pending": [],
          "skipped": [],
          "duration": 8532,
          "root": false,
          "rootEmpty": false,
          "_timeout": 2000
        }
      ],
      "passes": [],
      "failures": [],
      "pending": [],
      "skipped": [],
      "duration": 0,
      "root": true,
      "rootEmpty": true,
      "_timeout": 2000
    }
  ],
  "meta": {
    "mocha": {
      "version": "7.0.1"
    },
    "mochawesome": {
      "options": {
        "quiet": false,
        "reportFilename": "mochawesome",
        "saveHtml": false,
        "saveJson": true,
        "consoleReporter": "spec",
        "useInlineDiffs": false,
        "code": true
      },
      "version": "7.1.4"
    },
    "marge": {
      "options": {
        "reportDir": "reports/json",
        "overwrite": false,
        "html": false,
        "json": true,
        "charts": true,
        "embeddedScreenshots": true,
        "inlineAssets": true,
        "timestamp": "mmddyyyy_HHMMss"
      },
      "version": "6.3.2"
    }
  }
}