{
  "stats": {
    "suites": 1,
    "tests": 2,
    "passes": 2,
    "pending": 0,
    "failures": 0,
    "start": "2025-11-24T07:39:51.522Z",
    "end": "2025-11-24T07:39:56.087Z",
    "duration": 4565,
    "testsRegistered": 2,
    "passPercent": 100,
    "pendingPercent": 0,
    "other": 0,
    "hasOther": false,
    "skipped": 0,
    "hasSkipped": false
  },
  "results": [
    {
      "uuid": "65f36538-634f-4e81-97b2-a95300c80224",
      "title": "",
      "fullFile": "cypress/e2e/smoke/cleanup.cy.js",
      "file": "cypress/e2e/smoke/cleanup.cy.js",
      "beforeHooks": [],
      "afterHooks": [],
      "tests": [],
      "suites": [
        {
          "uuid": "c791ebb8-3eae-49f4-a8f4-74b3d4c68d6d",
          "title": "Clean up all routes and services",
          "fullFile": "",
          "file": "",
          "beforeHooks": [],
          "afterHooks": [],
          "tests": [
            {
              "title": "should succeed : Delete all routes",
              "fullTitle": "Clean up all routes and services should succeed : Delete all routes",
              "timedOut": null,
              "duration": 2441,
              "state": "passed",
              "speed": "fast",
              "pass": true,
              "fail": false,
              "pending": false,
              "context": null,
              "code": "const page = new _MainPage.MainPage();\npage.deleteAllRoutes();",
              "err": {},
              "uuid": "b4989817-e28a-49d4-824d-ab012427df89",
              "parentUUID": "c791ebb8-3eae-49f4-a8f4-74b3d4c68d6d",
              "isHook": false,
              "skipped": false
            },
            {
              "title": "should succeed : Delete all services ",
              "fullTitle": "Clean up all routes and services should succeed : Delete all services ",
              "timedOut": null,
              "duration": 2079,
              "state": "passed",
              "speed": "fast",
              "pass": true,
              "fail": false,
              "pending": false,
              "context": null,
              "code": "const page = new _MainPage.MainPage();\npage.deleteAllServices();",
              "err": {},
              "uuid": "c8a70acf-f5df-4641-a178-554e08c5bb60",
              "parentUUID": "c791ebb8-3eae-49f4-a8f4-74b3d4c68d6d",
              "isHook": false,
              "skipped": false
            }
          ],
          "suites": [],
          "passes": [
            "b4989817-e28a-49d4-824d-ab012427df89",
            "c8a70acf-f5df-4641-a178-554e08c5bb60"
          ],
          "failures": [],
          "pending": [],
          "skipped": [],
          "duration": 4520,
          "root": false,
          "rootEmpty": false,
          "_timeout": 2000
        }
      ],
      "passes": [],
      "failures": [],
      "pending": [],
      "skipped": [],
      "duration": 0,
      "root": true,
      "rootEmpty": true,
      "_timeout": 2000
    }
  ],
  "meta": {
    "mocha": {
      "version": "7.0.1"
    },
    "mochawesome": {
      "options": {
        "quiet": false,
        "reportFilename": "mochawesome",
        "saveHtml": false,
        "saveJson": true,
        "consoleReporter": "spec",
        "useInlineDiffs": false,
        "code": true
      },
      "version": "7.1.4"
    },
    "marge": {
      "options": {
        "reportDir": "reports/json",
        "overwrite": false,
        "html": false,
        "json": true,
        "charts": true,
        "embeddedScreenshots": true,
        "inlineAssets": true,
        "timestamp": "mmddyyyy_HHMMss"
      },
      "version": "6.3.2"
    }
  }
}